<?xml version="1.0" encoding="UTF-8"?>
<testng-results skipped="0" failed="1" ignored="0" total="4" passed="3">
  <reporter-output>
  </reporter-output>
  <suite name="Ecommerce Application" duration-ms="74113" started-at="2023-07-17T19:06:02 IST" finished-at="2023-07-17T19:07:16 IST">
    <groups>
      <group name="Purchase">
        <method signature="PlaceOrderFlow.orderPlaceComplete(java.util.HashMap)[pri:0, instance:rahualshetty.tests.PlaceOrderFlow@778d1062]" name="orderPlaceComplete" class="rahualshetty.tests.PlaceOrderFlow"/>
      </group> <!-- Purchase -->
      <group name="ErrorValidationGroup">
        <method signature="ErrorValidation.loginErrorValidation()[pri:0, instance:rahualshetty.tests.ErrorValidation@1b1473ab]" name="loginErrorValidation" class="rahualshetty.tests.ErrorValidation"/>
      </group> <!-- ErrorValidationGroup -->
    </groups>
    <test name="Complete Place Order Flow" duration-ms="65582" started-at="2023-07-17T19:06:02 IST" finished-at="2023-07-17T19:07:08 IST">
      <class name="rahualshetty.tests.PlaceOrderFlow">
        <test-method status="PASS" signature="launchApplication()[pri:0, instance:rahualshetty.tests.PlaceOrderFlow@778d1062]" name="launchApplication" is-config="true" duration-ms="10494" started-at="2023-07-17T19:06:03 IST" finished-at="2023-07-17T19:06:14 IST">
          <reporter-output>
          </reporter-output>
        </test-method> <!-- launchApplication -->
        <test-method status="PASS" signature="orderPlaceComplete(java.util.HashMap)[pri:0, instance:rahualshetty.tests.PlaceOrderFlow@778d1062]" name="orderPlaceComplete" duration-ms="14408" started-at="2023-07-17T19:06:14 IST" data-provider="userData" finished-at="2023-07-17T19:06:28 IST">
          <params>
            <param index="0">
              <value>
                <![CDATA[{password=Javed@1234, product=IPHONE 13 PRO, email=sparrow@gmail.com}]]>
              </value>
            </param>
          </params>
          <reporter-output>
          </reporter-output>
        </test-method> <!-- orderPlaceComplete -->
        <test-method status="PASS" signature="tearDown()[pri:0, instance:rahualshetty.tests.PlaceOrderFlow@778d1062]" name="tearDown" is-config="true" duration-ms="280" started-at="2023-07-17T19:06:28 IST" finished-at="2023-07-17T19:06:28 IST">
          <reporter-output>
          </reporter-output>
        </test-method> <!-- tearDown -->
        <test-method status="PASS" signature="launchApplication()[pri:0, instance:rahualshetty.tests.PlaceOrderFlow@778d1062]" name="launchApplication" is-config="true" duration-ms="10089" started-at="2023-07-17T19:06:28 IST" finished-at="2023-07-17T19:06:39 IST">
          <reporter-output>
          </reporter-output>
        </test-method> <!-- launchApplication -->
        <test-method status="PASS" signature="orderPlaceComplete(java.util.HashMap)[pri:0, instance:rahualshetty.tests.PlaceOrderFlow@778d1062]" name="orderPlaceComplete" duration-ms="14508" started-at="2023-07-17T19:06:39 IST" data-provider="userData" finished-at="2023-07-17T19:06:53 IST">
          <params>
            <param index="0">
              <value>
                <![CDATA[{password=Javed@1234, product=ZARA COAT 3, email=Pirates@gmail.com}]]>
              </value>
            </param>
          </params>
          <reporter-output>
          </reporter-output>
        </test-method> <!-- orderPlaceComplete -->
        <test-method status="PASS" signature="tearDown()[pri:0, instance:rahualshetty.tests.PlaceOrderFlow@778d1062]" name="tearDown" is-config="true" duration-ms="282" started-at="2023-07-17T19:06:53 IST" finished-at="2023-07-17T19:06:53 IST">
          <reporter-output>
          </reporter-output>
        </test-method> <!-- tearDown -->
        <test-method status="PASS" signature="launchApplication()[pri:0, instance:rahualshetty.tests.PlaceOrderFlow@778d1062]" name="launchApplication" is-config="true" duration-ms="11768" started-at="2023-07-17T19:06:53 IST" finished-at="2023-07-17T19:07:05 IST">
          <reporter-output>
          </reporter-output>
        </test-method> <!-- launchApplication -->
        <test-method status="PASS" signature="orderHistory()[pri:0, instance:rahualshetty.tests.PlaceOrderFlow@778d1062]" name="orderHistory" duration-ms="2059" started-at="2023-07-17T19:07:05 IST" depends-on-methods="rahualshetty.tests.PlaceOrderFlow.orderPlaceComplete" finished-at="2023-07-17T19:07:07 IST">
          <reporter-output>
          </reporter-output>
        </test-method> <!-- orderHistory -->
        <test-method status="PASS" signature="tearDown()[pri:0, instance:rahualshetty.tests.PlaceOrderFlow@778d1062]" name="tearDown" is-config="true" duration-ms="453" started-at="2023-07-17T19:07:07 IST" finished-at="2023-07-17T19:07:08 IST">
          <reporter-output>
          </reporter-output>
        </test-method> <!-- tearDown -->
      </class> <!-- rahualshetty.tests.PlaceOrderFlow -->
    </test> <!-- Complete Place Order Flow -->
    <test name="Login Error validation Flow" duration-ms="7368" started-at="2023-07-17T19:07:09 IST" finished-at="2023-07-17T19:07:16 IST">
      <class name="rahualshetty.tests.ErrorValidation">
        <test-method status="PASS" signature="launchApplication()[pri:0, instance:rahualshetty.tests.ErrorValidation@1b1473ab]" name="launchApplication" is-config="true" duration-ms="5482" started-at="2023-07-17T19:07:09 IST" finished-at="2023-07-17T19:07:14 IST">
          <reporter-output>
          </reporter-output>
        </test-method> <!-- launchApplication -->
        <test-method status="FAIL" signature="loginErrorValidation()[pri:0, instance:rahualshetty.tests.ErrorValidation@1b1473ab]" name="loginErrorValidation" duration-ms="974" started-at="2023-07-17T19:07:14 IST" finished-at="2023-07-17T19:07:15 IST">
          <exception class="java.lang.AssertionError">
            <message>
              <![CDATA[expected [Incorrect email or password.] but found [Incorrect email orpassword.]]]>
            </message>
            <full-stacktrace>
              <![CDATA[java.lang.AssertionError: expected [Incorrect email or password.] but found [Incorrect email orpassword.]
at org.testng.Assert.fail(Assert.java:97)
at org.testng.Assert.assertEqualsImpl(Assert.java:136)
at org.testng.Assert.assertEquals(Assert.java:118)
at org.testng.Assert.assertEquals(Assert.java:575)
at org.testng.Assert.assertEquals(Assert.java:585)
at rahualshetty.tests.ErrorValidation.loginErrorValidation(ErrorValidation.java:21)
at sun.reflect.NativeMethodAccessorImpl.invoke0(Native Method)
at sun.reflect.NativeMethodAccessorImpl.invoke(NativeMethodAccessorImpl.java:62)
at sun.reflect.DelegatingMethodAccessorImpl.invoke(DelegatingMethodAccessorImpl.java:43)
at java.lang.reflect.Method.invoke(Method.java:498)
at org.testng.internal.MethodInvocationHelper.invokeMethod(MethodInvocationHelper.java:134)
at org.testng.internal.TestInvoker.invokeMethod(TestInvoker.java:597)
at org.testng.internal.TestInvoker.invokeTestMethod(TestInvoker.java:173)
at org.testng.internal.MethodRunner.runInSequence(MethodRunner.java:46)
at org.testng.internal.TestInvoker$MethodInvocationAgent.invoke(TestInvoker.java:816)
at org.testng.internal.TestInvoker.invokeTestMethods(TestInvoker.java:146)
at org.testng.internal.TestMethodWorker.invokeTestMethods(TestMethodWorker.java:146)
at org.testng.internal.TestMethodWorker.run(TestMethodWorker.java:128)
at java.util.ArrayList.forEach(ArrayList.java:1259)
at org.testng.TestRunner.privateRun(TestRunner.java:766)
at org.testng.TestRunner.run(TestRunner.java:587)
at org.testng.SuiteRunner.runTest(SuiteRunner.java:384)
at org.testng.SuiteRunner.runSequentially(SuiteRunner.java:378)
at org.testng.SuiteRunner.privateRun(SuiteRunner.java:337)
at org.testng.SuiteRunner.run(SuiteRunner.java:286)
at org.testng.SuiteRunnerWorker.runSuite(SuiteRunnerWorker.java:53)
at org.testng.SuiteRunnerWorker.run(SuiteRunnerWorker.java:96)
at org.testng.TestNG.runSuitesSequentially(TestNG.java:1187)
at org.testng.TestNG.runSuitesLocally(TestNG.java:1109)
at org.testng.TestNG.runSuites(TestNG.java:1039)
at org.testng.TestNG.run(TestNG.java:1007)
at org.apache.maven.surefire.testng.TestNGExecutor.run(TestNGExecutor.java:308)
at org.apache.maven.surefire.testng.TestNGXmlTestSuite.execute(TestNGXmlTestSuite.java:71)
at org.apache.maven.surefire.testng.TestNGProvider.invoke(TestNGProvider.java:113)
at org.apache.maven.surefire.booter.ForkedBooter.runSuitesInProcess(ForkedBooter.java:385)
at org.apache.maven.surefire.booter.ForkedBooter.execute(ForkedBooter.java:162)
at org.apache.maven.surefire.booter.ForkedBooter.run(ForkedBooter.java:507)
at org.apache.maven.surefire.booter.ForkedBooter.main(ForkedBooter.java:495)
]]>
            </full-stacktrace>
          </exception> <!-- java.lang.AssertionError -->
          <reporter-output>
          </reporter-output>
        </test-method> <!-- loginErrorValidation -->
        <test-method status="PASS" signature="tearDown()[pri:0, instance:rahualshetty.tests.ErrorValidation@1b1473ab]" name="tearDown" is-config="true" duration-ms="220" started-at="2023-07-17T19:07:16 IST" finished-at="2023-07-17T19:07:16 IST">
          <reporter-output>
          </reporter-output>
        </test-method> <!-- tearDown -->
      </class> <!-- rahualshetty.tests.ErrorValidation -->
    </test> <!-- Login Error validation Flow -->
  </suite> <!-- Ecommerce Application -->
</testng-results>
